Data shape after dropping na: (4033, 125)
Train: 3005 rows (2017 IDs),Test: 1028 rows (673 IDs) 


============================================================
  Training Pos symptom model
============================================================
Input columns: ['SUD15_Cigarettes15', 'SUD15_Snuff15', 'SUD15_Alcohol15', 'SUD15_Cannabis15', 'SUD15_Painkillers_opioids15', 'SCZ15_Spied15', 'SCZ15_Others_Read_thoughts15', 'SCZ15_Special_messages15', 'SCZ15_Special_powers15', 'SCZ15_Under_control_special_power15', 'SCZ15_Read_others_minds15', 'SCZ15_Seen_hallucinations15', 'SCZ15_Extreme_excitement15', 'SCZ15_Irritable15', 'SCZ15_Unrealistic_abilities15', 'SCZ15_Not_tired15', 'SCZ15_Too_much_energy15', 'SCZ15_Racing_thoughts15', 'SCZ15_Talking_fast15', 'SCZ15_Sexual_inappropriate15', 'SCZ15_Rage_attacks15', 'SCZ15_Hear_voices15', 'SCZ15_headaches15', 'SCZ15_worry15', 'SCZ15_unhappy15', 'SCZ15_lose_confidence15', 'SCZ15_easily_scared15', 'ACE15_bullied_often15', 'ACE15_tease_bullying15', 'ACE15_emotional_bullying15', 'ACE15_rumours_bullying15', 'ACE15_bullying_by_num15', 'ACE15_bullying_time15', 'SES_birth_country_mother', 'SES_education_mother', 'SES_birth_country_father', 'SES_education_father', 'SUD18_cigarettes18', 'SUD18_alcohol_often18', 'SUD18_snuff18', 'SUD18_drugs_often18', 'ACE18_emotional_abuse18', 'ACE18_witness_crime18', 'ACE18_hate_crime18', 'SEX', 'ADHD9_fail_close_attention9', 'ADHD9_difficulty_with_attention9', 'ADHD9_not_listening9', 'ADHD9_difficulty_following_instructions9', 'ADHD9_difficulty_organizing_tasks9', 'ADHD9_avoid_mental_effort_tasks9', 'ADHD9_often_lose_things9', 'ADHD9_easily_distracted9', 'ADHD9_often_forgetful9', 'ADHD9_difficulty_hold_still9', 'ADHD9_often_move9', 'ADHD9_often_run9', 'ADHD9_difficulty_calm9', 'ADHD9_often_motor9', 'ADHD9_talk_excess9', 'ADHD9_often_blurt_out9', 'ADHD9_difficulty_waiting9', 'ADHD9_often_interrupt9', 'ADHD9_easily_bored9', 'ASD9_delay_language9', 'ASD9_difficulty_converse9', 'ASD9_repeat_words9', 'ASD9_difficulty_pretend_play9', 'ASD9_talk_too_high_low9', 'ASD9_difficulty_on_track9', 'ASD9_difficulty_express9', 'ASD9_difficulty_socialize9', 'ASD9_uninterested_sharing9', 'ASD9_own_terms9', 'ASD9_difficulty_expect_behavior9', 'ASD9_easily_influenced9', 'ASD9_absorbed_own9', 'ASD9_absorbed_problems9', 'ASD9_strange_movements9', 'ASD9_absorbed_details9', 'ASD9_dislike_change9', 'SCZ15_PROD_seen_hallucinations9', 'SUD15_OtherDrugs15', 'ACE15_other_bullying15', 'ACE18_other_abuse18', 'PRS_Amygdala_excitatory', 'PRS_Cerebellar_inhibitory', 'PRS_CGE_interneuron', 'PRS_Deep_layer_corticothalamic', 'PRS_Deep_layer_intratelencepha', 'PRS_Eccentric_medium_spiny_neu', 'PRS_Hippocampal_CA1_3', 'PRS_Hippocampal_CA4', 'PRS_Hippocampal_dentate_gyrus', 'PRS_LAMP5_LHX6_and_Chandelier', 'PRS_Medium_spiny_neuron', 'PRS_MGE_interneuron', 'PRS_Miscellaneous', 'PRS_Thalamic_excitatory', 'PRS_Upper_layer_intratelenceph', 'PRS_all', 'batch_GSA3_x_PC1', 'batch_GSA3_x_PC2', 'batch_PSYC_x_PC1', 'batch_PSYC_x_PC2']
Target column: SCZ18_Pos_Norm

count of input columns :105
Skipping GammaRegressor: Some value(s) of y are out of the valid range of the loss 'HalfGammaLoss'.
[LightGBM] [Info] Auto-choosing row-wise multi-threading, the overhead of testing was 0.001185 seconds.
You can set `force_row_wise=true` to remove the overhead.
And if memory is not enough, you can set `force_col_wise=true`.
[LightGBM] [Info] Total Bins 4979
[LightGBM] [Info] Number of data points in the train set: 3005, number of used features: 104
[LightGBM] [Info] Start training from score 0.131563
                            Model    RMSE  ... spearman_rho spearman_p
16                         LarsCV  0.0841  ...       0.5256     0.0000
21                    LassoLarsIC  0.0841  ...       0.5260     0.0000
20                    LassoLarsCV  0.0842  ...       0.5259     0.0000
6                    ElasticNetCV  0.0842  ...       0.5258     0.0000
18                        LassoCV  0.0842  ...       0.5259     0.0000
2                   BayesianRidge  0.0845  ...       0.5229     0.0000
12                 HuberRegressor  0.0850  ...       0.5130     0.0000
34                        RidgeCV  0.0850  ...       0.5105     0.0000
14                    KernelRidge  0.0851  ...       0.5059     0.0000
33                          Ridge  0.0853  ...       0.5053     0.0000
22               LinearRegression  0.0854  ...       0.5040     0.0000
15                           Lars  0.0854  ...       0.5044     0.0000
37     TransformedTargetRegressor  0.0854  ...       0.5040     0.0000
10      GradientBoostingRegressor  0.0861  ...       0.4867     0.0000
26      OrthogonalMatchingPursuit  0.0863  ...       0.4907     0.0000
27    OrthogonalMatchingPursuitCV  0.0863  ...       0.4907     0.0000
32          RandomForestRegressor  0.0865  ...       0.4794     0.0000
8             ExtraTreesRegressor  0.0870  ...       0.4753     0.0000
38               TweedieRegressor  0.0877  ...       0.4957     0.0000
35                   SGDRegressor  0.0880  ...       0.4978     0.0000
39                  LGBMRegressor  0.0882  ...       0.4501     0.0000
11  HistGradientBoostingRegressor  0.0886  ...       0.4475     0.0000
25                          NuSVR  0.0902  ...       0.4384     0.0000
36                            SVR  0.0905  ...       0.4032     0.0000
1                BaggingRegressor  0.0925  ...       0.3757     0.0000
29               PoissonRegressor  0.0941  ...       0.4743     0.0000
0               AdaBoostRegressor  0.0978  ...       0.3955     0.0000
13            KNeighborsRegressor  0.0978  ...       0.3349     0.0000
17                          Lasso  0.1005  ...          nan        nan
30              QuantileRegressor  0.1005  ...          nan        nan
5                      ElasticNet  0.1005  ...          nan        nan
4                  DummyRegressor  0.1005  ...          nan        nan
19                      LassoLars  0.1005  ...          nan        nan
28     PassiveAggressiveRegressor  0.1067  ...       0.4290     0.0000
23                      LinearSVR  0.1091  ...       0.4846     0.0000
24                   MLPRegressor  0.1099  ...       0.3153     0.0000
7              ExtraTreeRegressor  0.1232  ...       0.2728     0.0000
3           DecisionTreeRegressor  0.1261  ...       0.2210     0.0000
9        GaussianProcessRegressor  0.1635  ...      -0.3397     0.0000
31                RANSACRegressor  0.2981  ...       0.1157     0.0002

[40 rows x 6 columns]
Time taken for Pos model: 13.44 seconds


============================================================
  Training Neg symptom model
============================================================
Input columns: ['SUD15_Cigarettes15', 'SUD15_Snuff15', 'SUD15_Alcohol15', 'SUD15_Cannabis15', 'SUD15_Painkillers_opioids15', 'SCZ15_Spied15', 'SCZ15_Others_Read_thoughts15', 'SCZ15_Special_messages15', 'SCZ15_Special_powers15', 'SCZ15_Under_control_special_power15', 'SCZ15_Read_others_minds15', 'SCZ15_Seen_hallucinations15', 'SCZ15_Extreme_excitement15', 'SCZ15_Irritable15', 'SCZ15_Unrealistic_abilities15', 'SCZ15_Not_tired15', 'SCZ15_Too_much_energy15', 'SCZ15_Racing_thoughts15', 'SCZ15_Talking_fast15', 'SCZ15_Sexual_inappropriate15', 'SCZ15_Rage_attacks15', 'SCZ15_Hear_voices15', 'SCZ15_headaches15', 'SCZ15_worry15', 'SCZ15_unhappy15', 'SCZ15_lose_confidence15', 'SCZ15_easily_scared15', 'ACE15_bullied_often15', 'ACE15_tease_bullying15', 'ACE15_emotional_bullying15', 'ACE15_rumours_bullying15', 'ACE15_bullying_by_num15', 'ACE15_bullying_time15', 'SES_birth_country_mother', 'SES_education_mother', 'SES_birth_country_father', 'SES_education_father', 'SUD18_cigarettes18', 'SUD18_alcohol_often18', 'SUD18_snuff18', 'SUD18_drugs_often18', 'ACE18_emotional_abuse18', 'ACE18_witness_crime18', 'ACE18_hate_crime18', 'SEX', 'ADHD9_fail_close_attention9', 'ADHD9_difficulty_with_attention9', 'ADHD9_not_listening9', 'ADHD9_difficulty_following_instructions9', 'ADHD9_difficulty_organizing_tasks9', 'ADHD9_avoid_mental_effort_tasks9', 'ADHD9_often_lose_things9', 'ADHD9_easily_distracted9', 'ADHD9_often_forgetful9', 'ADHD9_difficulty_hold_still9', 'ADHD9_often_move9', 'ADHD9_often_run9', 'ADHD9_difficulty_calm9', 'ADHD9_often_motor9', 'ADHD9_talk_excess9', 'ADHD9_often_blurt_out9', 'ADHD9_difficulty_waiting9', 'ADHD9_often_interrupt9', 'ADHD9_easily_bored9', 'ASD9_delay_language9', 'ASD9_difficulty_converse9', 'ASD9_repeat_words9', 'ASD9_difficulty_pretend_play9', 'ASD9_talk_too_high_low9', 'ASD9_difficulty_on_track9', 'ASD9_difficulty_express9', 'ASD9_difficulty_socialize9', 'ASD9_uninterested_sharing9', 'ASD9_own_terms9', 'ASD9_difficulty_expect_behavior9', 'ASD9_easily_influenced9', 'ASD9_absorbed_own9', 'ASD9_absorbed_problems9', 'ASD9_strange_movements9', 'ASD9_absorbed_details9', 'ASD9_dislike_change9', 'SCZ15_PROD_seen_hallucinations9', 'SUD15_OtherDrugs15', 'ACE15_other_bullying15', 'ACE18_other_abuse18', 'PRS_Amygdala_excitatory', 'PRS_Cerebellar_inhibitory', 'PRS_CGE_interneuron', 'PRS_Deep_layer_corticothalamic', 'PRS_Deep_layer_intratelencepha', 'PRS_Eccentric_medium_spiny_neu', 'PRS_Hippocampal_CA1_3', 'PRS_Hippocampal_CA4', 'PRS_Hippocampal_dentate_gyrus', 'PRS_LAMP5_LHX6_and_Chandelier', 'PRS_Medium_spiny_neuron', 'PRS_MGE_interneuron', 'PRS_Miscellaneous', 'PRS_Thalamic_excitatory', 'PRS_Upper_layer_intratelenceph', 'PRS_all', 'batch_GSA3_x_PC1', 'batch_GSA3_x_PC2', 'batch_PSYC_x_PC1', 'batch_PSYC_x_PC2']
Target column: SCZ18_Neg_Norm

count of input columns :105
Skipping GammaRegressor: Some value(s) of y are out of the valid range of the loss 'HalfGammaLoss'.
[LightGBM] [Info] Auto-choosing col-wise multi-threading, the overhead of testing was 0.001064 seconds.
You can set `force_col_wise=true` to remove the overhead.
[LightGBM] [Info] Total Bins 4979
[LightGBM] [Info] Number of data points in the train set: 3005, number of used features: 104
[LightGBM] [Info] Start training from score 0.243483
                            Model    RMSE  ... spearman_rho spearman_p
21                    LassoLarsIC  0.1498  ...       0.4697     0.0000
6                    ElasticNetCV  0.1502  ...       0.4676     0.0000
20                    LassoLarsCV  0.1502  ...       0.4677     0.0000
18                        LassoCV  0.1502  ...       0.4678     0.0000
16                         LarsCV  0.1502  ...       0.4677     0.0000
2                   BayesianRidge  0.1504  ...       0.4613     0.0000
37     TransformedTargetRegressor  0.1506  ...       0.4575     0.0000
22               LinearRegression  0.1506  ...       0.4575     0.0000
34                        RidgeCV  0.1506  ...       0.4592     0.0000
33                          Ridge  0.1507  ...       0.4578     0.0000
14                    KernelRidge  0.1507  ...       0.4579     0.0000
15                           Lars  0.1507  ...       0.4569     0.0000
26      OrthogonalMatchingPursuit  0.1517  ...       0.4535     0.0000
27    OrthogonalMatchingPursuitCV  0.1517  ...       0.4535     0.0000
12                 HuberRegressor  0.1517  ...       0.4534     0.0000
10      GradientBoostingRegressor  0.1526  ...       0.4486     0.0000
39                  LGBMRegressor  0.1538  ...       0.4402     0.0000
23                      LinearSVR  0.1552  ...       0.4414     0.0000
38               TweedieRegressor  0.1560  ...       0.4226     0.0000
32          RandomForestRegressor  0.1562  ...       0.4142     0.0000
11  HistGradientBoostingRegressor  0.1565  ...       0.4130     0.0000
35                   SGDRegressor  0.1567  ...       0.4525     0.0000
36                            SVR  0.1587  ...       0.4170     0.0000
8             ExtraTreesRegressor  0.1593  ...       0.3885     0.0000
25                          NuSVR  0.1602  ...       0.4133     0.0000
29               PoissonRegressor  0.1622  ...       0.3947     0.0000
1                BaggingRegressor  0.1635  ...       0.3432     0.0000
0               AdaBoostRegressor  0.1723  ...       0.4223     0.0000
17                          Lasso  0.1735  ...          nan        nan
5                      ElasticNet  0.1735  ...          nan        nan
4                  DummyRegressor  0.1735  ...          nan        nan
19                      LassoLars  0.1735  ...          nan        nan
13            KNeighborsRegressor  0.1752  ...       0.2500     0.0000
30              QuantileRegressor  0.1756  ...          nan        nan
24                   MLPRegressor  0.1997  ...       0.2745     0.0000
28     PassiveAggressiveRegressor  0.2053  ...       0.3317     0.0000
7              ExtraTreeRegressor  0.2093  ...       0.2392     0.0000
3           DecisionTreeRegressor  0.2150  ...       0.2224     0.0000
9        GaussianProcessRegressor  0.2870  ...      -0.2057     0.0000
31                RANSACRegressor  0.4450  ...       0.1277     0.0000

[40 rows x 6 columns]
Time taken for Neg model: 13.68 seconds

