Data shape after dropping na: (4033, 125)
Train: 3005 rows (2017 IDs),Test: 1028 rows (673 IDs) 


============================================================
  Training Pos symptom model
============================================================
Input columns: ['SUD15_Cigarettes15', 'SUD15_Snuff15', 'SUD15_Alcohol15', 'SUD15_Cannabis15', 'SUD15_Painkillers_opioids15', 'SCZ15_Spied15', 'SCZ15_Others_Read_thoughts15', 'SCZ15_Special_messages15', 'SCZ15_Special_powers15', 'SCZ15_Under_control_special_power15', 'SCZ15_Read_others_minds15', 'SCZ15_Seen_hallucinations15', 'SCZ15_Extreme_excitement15', 'SCZ15_Irritable15', 'SCZ15_Unrealistic_abilities15', 'SCZ15_Not_tired15', 'SCZ15_Too_much_energy15', 'SCZ15_Racing_thoughts15', 'SCZ15_Talking_fast15', 'SCZ15_Sexual_inappropriate15', 'SCZ15_Rage_attacks15', 'SCZ15_Hear_voices15', 'SCZ15_headaches15', 'SCZ15_worry15', 'SCZ15_unhappy15', 'SCZ15_lose_confidence15', 'SCZ15_easily_scared15', 'ACE15_bullied_often15', 'ACE15_tease_bullying15', 'ACE15_emotional_bullying15', 'ACE15_rumours_bullying15', 'ACE15_bullying_by_num15', 'ACE15_bullying_time15', 'SES_birth_country_mother', 'SES_education_mother', 'SES_birth_country_father', 'SES_education_father', 'SUD18_cigarettes18', 'SUD18_alcohol_often18', 'SUD18_snuff18', 'SUD18_drugs_often18', 'ACE18_emotional_abuse18', 'ACE18_witness_crime18', 'ACE18_hate_crime18', 'SEX', 'ADHD9_fail_close_attention9', 'ADHD9_difficulty_with_attention9', 'ADHD9_not_listening9', 'ADHD9_difficulty_following_instructions9', 'ADHD9_difficulty_organizing_tasks9', 'ADHD9_avoid_mental_effort_tasks9', 'ADHD9_often_lose_things9', 'ADHD9_easily_distracted9', 'ADHD9_often_forgetful9', 'ADHD9_difficulty_hold_still9', 'ADHD9_often_move9', 'ADHD9_often_run9', 'ADHD9_difficulty_calm9', 'ADHD9_often_motor9', 'ADHD9_talk_excess9', 'ADHD9_often_blurt_out9', 'ADHD9_difficulty_waiting9', 'ADHD9_often_interrupt9', 'ADHD9_easily_bored9', 'ASD9_delay_language9', 'ASD9_difficulty_converse9', 'ASD9_repeat_words9', 'ASD9_difficulty_pretend_play9', 'ASD9_talk_too_high_low9', 'ASD9_difficulty_on_track9', 'ASD9_difficulty_express9', 'ASD9_difficulty_socialize9', 'ASD9_uninterested_sharing9', 'ASD9_own_terms9', 'ASD9_difficulty_expect_behavior9', 'ASD9_easily_influenced9', 'ASD9_absorbed_own9', 'ASD9_absorbed_problems9', 'ASD9_strange_movements9', 'ASD9_absorbed_details9', 'ASD9_dislike_change9', 'SCZ15_PROD_seen_hallucinations9', 'SUD15_OtherDrugs15', 'ACE15_other_bullying15', 'ACE18_other_abuse18', 'PRS_Amygdala_excitatory', 'PRS_Cerebellar_inhibitory', 'PRS_CGE_interneuron', 'PRS_Deep_layer_corticothalamic', 'PRS_Deep_layer_intratelencepha', 'PRS_Eccentric_medium_spiny_neu', 'PRS_Hippocampal_CA1_3', 'PRS_Hippocampal_CA4', 'PRS_Hippocampal_dentate_gyrus', 'PRS_LAMP5_LHX6_and_Chandelier', 'PRS_Medium_spiny_neuron', 'PRS_MGE_interneuron', 'PRS_Miscellaneous', 'PRS_Thalamic_excitatory', 'PRS_Upper_layer_intratelenceph', 'PRS_all', 'batch_GSA3_x_PC1', 'batch_GSA3_x_PC2', 'batch_PSYC_x_PC1', 'batch_PSYC_x_PC2']
Target column: SCZ18_Pos_Norm

count of input columns :105
Skipping AdaBoostRegressor: got an unexpected keyword argument 'squared'
Skipping BaggingRegressor: got an unexpected keyword argument 'squared'
Skipping BayesianRidge: got an unexpected keyword argument 'squared'
Skipping DecisionTreeRegressor: got an unexpected keyword argument 'squared'
Skipping DummyRegressor: got an unexpected keyword argument 'squared'
Skipping ElasticNet: got an unexpected keyword argument 'squared'
Skipping ElasticNetCV: got an unexpected keyword argument 'squared'
Skipping ExtraTreeRegressor: got an unexpected keyword argument 'squared'
Skipping ExtraTreesRegressor: got an unexpected keyword argument 'squared'
Skipping GammaRegressor: Some value(s) of y are out of the valid range of the loss 'HalfGammaLoss'.
Skipping GaussianProcessRegressor: got an unexpected keyword argument 'squared'
Skipping GradientBoostingRegressor: got an unexpected keyword argument 'squared'
Skipping HistGradientBoostingRegressor: got an unexpected keyword argument 'squared'
Skipping HuberRegressor: got an unexpected keyword argument 'squared'
Skipping KNeighborsRegressor: got an unexpected keyword argument 'squared'
Skipping KernelRidge: got an unexpected keyword argument 'squared'
Skipping Lars: got an unexpected keyword argument 'squared'
Skipping LarsCV: got an unexpected keyword argument 'squared'
Skipping Lasso: got an unexpected keyword argument 'squared'
Skipping LassoCV: got an unexpected keyword argument 'squared'
Skipping LassoLars: got an unexpected keyword argument 'squared'
Skipping LassoLarsCV: got an unexpected keyword argument 'squared'
Skipping LassoLarsIC: got an unexpected keyword argument 'squared'
Skipping LinearRegression: got an unexpected keyword argument 'squared'
Skipping LinearSVR: got an unexpected keyword argument 'squared'
Skipping MLPRegressor: got an unexpected keyword argument 'squared'
Skipping NuSVR: got an unexpected keyword argument 'squared'
Skipping OrthogonalMatchingPursuit: got an unexpected keyword argument 'squared'
Skipping OrthogonalMatchingPursuitCV: got an unexpected keyword argument 'squared'
Skipping PassiveAggressiveRegressor: got an unexpected keyword argument 'squared'
Skipping PoissonRegressor: got an unexpected keyword argument 'squared'
Skipping QuantileRegressor: got an unexpected keyword argument 'squared'
Skipping RANSACRegressor: got an unexpected keyword argument 'squared'
Skipping RandomForestRegressor: got an unexpected keyword argument 'squared'
Skipping Ridge: got an unexpected keyword argument 'squared'
Skipping RidgeCV: got an unexpected keyword argument 'squared'
Skipping SGDRegressor: got an unexpected keyword argument 'squared'
Skipping SVR: got an unexpected keyword argument 'squared'
Skipping TransformedTargetRegressor: got an unexpected keyword argument 'squared'
Skipping TweedieRegressor: got an unexpected keyword argument 'squared'
[LightGBM] [Info] Auto-choosing col-wise multi-threading, the overhead of testing was 0.001429 seconds.
You can set `force_col_wise=true` to remove the overhead.
[LightGBM] [Info] Total Bins 4979
[LightGBM] [Info] Number of data points in the train set: 3005, number of used features: 104
[LightGBM] [Info] Start training from score 0.131563
Skipping LGBMRegressor: got an unexpected keyword argument 'squared'
Empty DataFrame
Columns: []
Index: []
Time taken for Pos model: 13.07 seconds


============================================================
  Training Neg symptom model
============================================================
Input columns: ['SUD15_Cigarettes15', 'SUD15_Snuff15', 'SUD15_Alcohol15', 'SUD15_Cannabis15', 'SUD15_Painkillers_opioids15', 'SCZ15_Spied15', 'SCZ15_Others_Read_thoughts15', 'SCZ15_Special_messages15', 'SCZ15_Special_powers15', 'SCZ15_Under_control_special_power15', 'SCZ15_Read_others_minds15', 'SCZ15_Seen_hallucinations15', 'SCZ15_Extreme_excitement15', 'SCZ15_Irritable15', 'SCZ15_Unrealistic_abilities15', 'SCZ15_Not_tired15', 'SCZ15_Too_much_energy15', 'SCZ15_Racing_thoughts15', 'SCZ15_Talking_fast15', 'SCZ15_Sexual_inappropriate15', 'SCZ15_Rage_attacks15', 'SCZ15_Hear_voices15', 'SCZ15_headaches15', 'SCZ15_worry15', 'SCZ15_unhappy15', 'SCZ15_lose_confidence15', 'SCZ15_easily_scared15', 'ACE15_bullied_often15', 'ACE15_tease_bullying15', 'ACE15_emotional_bullying15', 'ACE15_rumours_bullying15', 'ACE15_bullying_by_num15', 'ACE15_bullying_time15', 'SES_birth_country_mother', 'SES_education_mother', 'SES_birth_country_father', 'SES_education_father', 'SUD18_cigarettes18', 'SUD18_alcohol_often18', 'SUD18_snuff18', 'SUD18_drugs_often18', 'ACE18_emotional_abuse18', 'ACE18_witness_crime18', 'ACE18_hate_crime18', 'SEX', 'ADHD9_fail_close_attention9', 'ADHD9_difficulty_with_attention9', 'ADHD9_not_listening9', 'ADHD9_difficulty_following_instructions9', 'ADHD9_difficulty_organizing_tasks9', 'ADHD9_avoid_mental_effort_tasks9', 'ADHD9_often_lose_things9', 'ADHD9_easily_distracted9', 'ADHD9_often_forgetful9', 'ADHD9_difficulty_hold_still9', 'ADHD9_often_move9', 'ADHD9_often_run9', 'ADHD9_difficulty_calm9', 'ADHD9_often_motor9', 'ADHD9_talk_excess9', 'ADHD9_often_blurt_out9', 'ADHD9_difficulty_waiting9', 'ADHD9_often_interrupt9', 'ADHD9_easily_bored9', 'ASD9_delay_language9', 'ASD9_difficulty_converse9', 'ASD9_repeat_words9', 'ASD9_difficulty_pretend_play9', 'ASD9_talk_too_high_low9', 'ASD9_difficulty_on_track9', 'ASD9_difficulty_express9', 'ASD9_difficulty_socialize9', 'ASD9_uninterested_sharing9', 'ASD9_own_terms9', 'ASD9_difficulty_expect_behavior9', 'ASD9_easily_influenced9', 'ASD9_absorbed_own9', 'ASD9_absorbed_problems9', 'ASD9_strange_movements9', 'ASD9_absorbed_details9', 'ASD9_dislike_change9', 'SCZ15_PROD_seen_hallucinations9', 'SUD15_OtherDrugs15', 'ACE15_other_bullying15', 'ACE18_other_abuse18', 'PRS_Amygdala_excitatory', 'PRS_Cerebellar_inhibitory', 'PRS_CGE_interneuron', 'PRS_Deep_layer_corticothalamic', 'PRS_Deep_layer_intratelencepha', 'PRS_Eccentric_medium_spiny_neu', 'PRS_Hippocampal_CA1_3', 'PRS_Hippocampal_CA4', 'PRS_Hippocampal_dentate_gyrus', 'PRS_LAMP5_LHX6_and_Chandelier', 'PRS_Medium_spiny_neuron', 'PRS_MGE_interneuron', 'PRS_Miscellaneous', 'PRS_Thalamic_excitatory', 'PRS_Upper_layer_intratelenceph', 'PRS_all', 'batch_GSA3_x_PC1', 'batch_GSA3_x_PC2', 'batch_PSYC_x_PC1', 'batch_PSYC_x_PC2']
Target column: SCZ18_Neg_Norm

count of input columns :105
Skipping AdaBoostRegressor: got an unexpected keyword argument 'squared'
Skipping BaggingRegressor: got an unexpected keyword argument 'squared'
Skipping BayesianRidge: got an unexpected keyword argument 'squared'
Skipping DecisionTreeRegressor: got an unexpected keyword argument 'squared'
Skipping DummyRegressor: got an unexpected keyword argument 'squared'
Skipping ElasticNet: got an unexpected keyword argument 'squared'
Skipping ElasticNetCV: got an unexpected keyword argument 'squared'
Skipping ExtraTreeRegressor: got an unexpected keyword argument 'squared'
Skipping ExtraTreesRegressor: got an unexpected keyword argument 'squared'
Skipping GammaRegressor: Some value(s) of y are out of the valid range of the loss 'HalfGammaLoss'.
Skipping GaussianProcessRegressor: got an unexpected keyword argument 'squared'
Skipping GradientBoostingRegressor: got an unexpected keyword argument 'squared'
Skipping HistGradientBoostingRegressor: got an unexpected keyword argument 'squared'
Skipping HuberRegressor: got an unexpected keyword argument 'squared'
Skipping KNeighborsRegressor: got an unexpected keyword argument 'squared'
Skipping KernelRidge: got an unexpected keyword argument 'squared'
Skipping Lars: got an unexpected keyword argument 'squared'
Skipping LarsCV: got an unexpected keyword argument 'squared'
Skipping Lasso: got an unexpected keyword argument 'squared'
Skipping LassoCV: got an unexpected keyword argument 'squared'
Skipping LassoLars: got an unexpected keyword argument 'squared'
Skipping LassoLarsCV: got an unexpected keyword argument 'squared'
Skipping LassoLarsIC: got an unexpected keyword argument 'squared'
Skipping LinearRegression: got an unexpected keyword argument 'squared'
Skipping LinearSVR: got an unexpected keyword argument 'squared'
Skipping MLPRegressor: got an unexpected keyword argument 'squared'
Skipping NuSVR: got an unexpected keyword argument 'squared'
Skipping OrthogonalMatchingPursuit: got an unexpected keyword argument 'squared'
Skipping OrthogonalMatchingPursuitCV: got an unexpected keyword argument 'squared'
Skipping PassiveAggressiveRegressor: got an unexpected keyword argument 'squared'
Skipping PoissonRegressor: got an unexpected keyword argument 'squared'
Skipping QuantileRegressor: got an unexpected keyword argument 'squared'
Skipping RANSACRegressor: got an unexpected keyword argument 'squared'
Skipping RandomForestRegressor: got an unexpected keyword argument 'squared'
Skipping Ridge: got an unexpected keyword argument 'squared'
Skipping RidgeCV: got an unexpected keyword argument 'squared'
Skipping SGDRegressor: got an unexpected keyword argument 'squared'
Skipping SVR: got an unexpected keyword argument 'squared'
Skipping TransformedTargetRegressor: got an unexpected keyword argument 'squared'
Skipping TweedieRegressor: got an unexpected keyword argument 'squared'
[LightGBM] [Info] Auto-choosing col-wise multi-threading, the overhead of testing was 0.001219 seconds.
You can set `force_col_wise=true` to remove the overhead.
[LightGBM] [Info] Total Bins 4979
[LightGBM] [Info] Number of data points in the train set: 3005, number of used features: 104
[LightGBM] [Info] Start training from score 0.243483
Skipping LGBMRegressor: got an unexpected keyword argument 'squared'
Empty DataFrame
Columns: []
Index: []
Time taken for Neg model: 13.68 seconds

