modality sizes for ['SUD15', 'PRS', 'SCZ15', 'ADHD9', 'ASD9', 'ACE15', 'ACE18', 'SUD18', 'SES', 'SEX', '^batch_.*_x_PC'] : [6, 16, 23, 19, 17, 7, 4, 4, 4, 1, 4]
Train: 3005 rows (2017 IDs),Test: 1028 rows (673 IDs) 


============================================================
  Gate Analysis - Pos symptom model
============================================================
  Layers per modality: {'PRS': 5, 'SCZ15': 2, 'ADHD9': 1, 'ASD9': 5, 'ACE15': 4, 'ACE18': 1, 'SUD18': 1, 'SES': 1, 'SEX': 5}
Train: 2407 rows (1613 IDs),Test: 598 rows (404 IDs) 

n_features_x : 6, n_features_per_modality: [16, 23, 19, 17, 7, 4, 4, 4, 1, 4]

--- ImbalancedRegressionLoss initialized ---
  Bins: 13, Focal gamma: 1.3185985073893693, Base loss: huber
  Bin [0.00, 0.08): count=  828, weight=0.003
  Bin [0.08, 0.15): count=  710, weight=0.004
  Bin [0.15, 0.23): count=  477, weight=0.006
  Bin [0.23, 0.31): count=  288, weight=0.009
  Bin [0.31, 0.38): count=   63, weight=0.042
  Bin [0.38, 0.46): count=   23, weight=0.113
  Bin [0.46, 0.54): count=   10, weight=0.247
  Bin [0.54, 0.62): count=    7, weight=0.340
  Bin [0.62, 0.69): count=    0, weight=2.719
  Bin [0.69, 0.77): count=    1, weight=1.359
  Bin [0.77, 0.85): count=    0, weight=2.719
  Bin [0.85, 0.92): count=    0, weight=2.719
  Bin [0.92, 1.00): count=    0, weight=2.719
-------------------------------------------


Epoch 1/23
Training on 2407 samples...
  [Train]  Pred range: [0.0338, 0.4552], std: 0.0483
  RMSE : 0.1016, R2: -0.0089, MAE: 0.0827, Spearman rho: 0.2404, Spearman p: 5.3361e-33, Pearson r: 0.2829, Pearson p: 2.8026e-45
  [Val]    Pred range: [0.0460, 0.4312], std: 0.0462
  RMSE : 0.1033, R2: -0.0547, MAE: 0.0836, Spearman rho: 0.2339, Spearman p: 7.1029e-09, Pearson r: 0.2366, Pearson p: 4.7203e-09
  Epoch [1/23] Loss: 0.0086 | LR: 1.00e-04 | Train rho: 0.2404, Val rho: 0.2339 | Train R2: -0.0089, Val R2: -0.0547 | Train RMSE: 0.1016, Val RMSE: 0.1033 | Train Pearson r: 0.2829, Val Pearson r: 0.2366
  >> New best val RMSE: 0.1033

Epoch 2/23
Training on 2407 samples...
  [Train]  Pred range: [0.0428, 0.5209], std: 0.0553
  RMSE : 0.0970, R2: 0.0807, MAE: 0.0785, Spearman rho: 0.3492, Spearman p: 5.6242e-70, Pearson r: 0.3893, Pearson p: 0.0000e+00
  [Val]    Pred range: [0.0600, 0.4790], std: 0.0533
  RMSE : 0.0994, R2: 0.0240, MAE: 0.0800, Spearman rho: 0.3354, Spearman p: 3.4599e-17, Pearson r: 0.3403, Pearson p: 1.1302e-17
  Epoch [2/23] Loss: 0.0066 | LR: 1.00e-04 | Train rho: 0.3492, Val rho: 0.3354 | Train R2: 0.0807, Val R2: 0.0240 | Train RMSE: 0.0970, Val RMSE: 0.0994 | Train Pearson r: 0.3893, Val Pearson r: 0.3403
  >> New best val RMSE: 0.0994

Epoch 3/23
Training on 2407 samples...
  [Train]  Pred range: [0.0339, 0.4752], std: 0.0529
  RMSE : 0.0922, R2: 0.1693, MAE: 0.0741, Spearman rho: 0.3898, Spearman p: 3.6050e-88, Pearson r: 0.4307, Pearson p: 0.0000e+00
  [Val]    Pred range: [0.0518, 0.4269], std: 0.0513
  RMSE : 0.0944, R2: 0.1196, MAE: 0.0758, Spearman rho: 0.3784, Spearman p: 8.5852e-22, Pearson r: 0.3841, Pearson p: 1.8521e-22
  Epoch [3/23] Loss: 0.0064 | LR: 1.00e-04 | Train rho: 0.3898, Val rho: 0.3784 | Train R2: 0.1693, Val R2: 0.1196 | Train RMSE: 0.0922, Val RMSE: 0.0944 | Train Pearson r: 0.4307, Val Pearson r: 0.3841
  >> New best val RMSE: 0.0944

Epoch 4/23
Training on 2407 samples...
  [Train]  Pred range: [0.0465, 0.4847], std: 0.0534
  RMSE : 0.0922, R2: 0.1704, MAE: 0.0743, Spearman rho: 0.4119, Spearman p: 3.1429e-99, Pearson r: 0.4534, Pearson p: 0.0000e+00
  [Val]    Pred range: [0.0647, 0.4324], std: 0.0525
  RMSE : 0.0943, R2: 0.1203, MAE: 0.0759, Spearman rho: 0.4068, Spearman p: 3.0897e-25, Pearson r: 0.4130, Pearson p: 4.9071e-26
  Epoch [4/23] Loss: 0.0061 | LR: 1.00e-04 | Train rho: 0.4119, Val rho: 0.4068 | Train R2: 0.1704, Val R2: 0.1203 | Train RMSE: 0.0922, Val RMSE: 0.0943 | Train Pearson r: 0.4534, Val Pearson r: 0.4130
  >> New best val RMSE: 0.0943

Epoch 5/23
Training on 2407 samples...
  [Train]  Pred range: [0.0474, 0.4981], std: 0.0552
  RMSE : 0.0911, R2: 0.1897, MAE: 0.0732, Spearman rho: 0.4295, Spearman p: 1.1447e-108, Pearson r: 0.4712, Pearson p: 0.0000e+00
  [Val]    Pred range: [0.0608, 0.4265], std: 0.0542
  RMSE : 0.0934, R2: 0.1373, MAE: 0.0750, Spearman rho: 0.4252, Spearman p: 1.1945e-27, Pearson r: 0.4295, Pearson p: 3.0904e-28
  Epoch [5/23] Loss: 0.0058 | LR: 1.00e-04 | Train rho: 0.4295, Val rho: 0.4252 | Train R2: 0.1897, Val R2: 0.1373 | Train RMSE: 0.0911, Val RMSE: 0.0934 | Train Pearson r: 0.4712, Val Pearson r: 0.4295
  >> New best val RMSE: 0.0934

Epoch 6/23
Training on 2407 samples...
  [Train]  Pred range: [0.0462, 0.5050], std: 0.0556
  RMSE : 0.0892, R2: 0.2233, MAE: 0.0713, Spearman rho: 0.4428, Spearman p: 3.8303e-116, Pearson r: 0.4855, Pearson p: 0.0000e+00
  [Val]    Pred range: [0.0522, 0.4129], std: 0.0545
  RMSE : 0.0915, R2: 0.1732, MAE: 0.0729, Spearman rho: 0.4401, Spearman p: 1.0054e-29, Pearson r: 0.4428, Pearson p: 4.1473e-30
  Epoch [6/23] Loss: 0.0059 | LR: 1.00e-04 | Train rho: 0.4428, Val rho: 0.4401 | Train R2: 0.2233, Val R2: 0.1732 | Train RMSE: 0.0892, Val RMSE: 0.0915 | Train Pearson r: 0.4855, Val Pearson r: 0.4428
  >> New best val RMSE: 0.0915

Epoch 7/23
Training on 2407 samples...
  [Train]  Pred range: [0.0457, 0.5285], std: 0.0589
  RMSE : 0.0892, R2: 0.2233, MAE: 0.0712, Spearman rho: 0.4531, Spearman p: 3.5824e-122, Pearson r: 0.4954, Pearson p: 0.0000e+00
  [Val]    Pred range: [0.0498, 0.4198], std: 0.0571
  RMSE : 0.0915, R2: 0.1719, MAE: 0.0731, Spearman rho: 0.4499, Spearman p: 3.9316e-31, Pearson r: 0.4533, Pearson p: 1.2225e-31
  Epoch [7/23] Loss: 0.0057 | LR: 1.00e-04 | Train rho: 0.4531, Val rho: 0.4499 | Train R2: 0.2233, Val R2: 0.1719 | Train RMSE: 0.0892, Val RMSE: 0.0915 | Train Pearson r: 0.4954, Val Pearson r: 0.4533
  >> No improvement for 1/5 epochs

Epoch 8/23
Training on 2407 samples...
  [Train]  Pred range: [0.0517, 0.5346], std: 0.0582
  RMSE : 0.0903, R2: 0.2029, MAE: 0.0725, Spearman rho: 0.4591, Spearman p: 8.1757e-126, Pearson r: 0.5016, Pearson p: 0.0000e+00
  [Val]    Pred range: [0.0587, 0.4282], std: 0.0567
  RMSE : 0.0931, R2: 0.1431, MAE: 0.0748, Spearman rho: 0.4533, Spearman p: 1.2386e-31, Pearson r: 0.4563, Pearson p: 4.3977e-32
  Epoch [8/23] Loss: 0.0058 | LR: 1.00e-04 | Train rho: 0.4591, Val rho: 0.4533 | Train R2: 0.2029, Val R2: 0.1431 | Train RMSE: 0.0903, Val RMSE: 0.0931 | Train Pearson r: 0.5016, Val Pearson r: 0.4563
  >> No improvement for 2/5 epochs

Epoch 9/23
Training on 2407 samples...
  [Train]  Pred range: [0.0472, 0.5402], std: 0.0590
  RMSE : 0.0892, R2: 0.2231, MAE: 0.0714, Spearman rho: 0.4648, Spearman p: 2.5493e-129, Pearson r: 0.5074, Pearson p: 0.0000e+00
  [Val]    Pred range: [0.0531, 0.4245], std: 0.0575
  RMSE : 0.0920, R2: 0.1636, MAE: 0.0737, Spearman rho: 0.4569, Spearman p: 3.4755e-32, Pearson r: 0.4610, Pearson p: 8.5125e-33
  Epoch [9/23] Loss: 0.0057 | LR: 1.00e-04 | Train rho: 0.4648, Val rho: 0.4569 | Train R2: 0.2231, Val R2: 0.1636 | Train RMSE: 0.0892, Val RMSE: 0.0920 | Train Pearson r: 0.5074, Val Pearson r: 0.4610
  >> No improvement for 3/5 epochs

Epoch 10/23
Training on 2407 samples...
  [Train]  Pred range: [0.0538, 0.5377], std: 0.0576
  RMSE : 0.0902, R2: 0.2060, MAE: 0.0725, Spearman rho: 0.4681, Spearman p: 2.2073e-131, Pearson r: 0.5110, Pearson p: 0.0000e+00
  [Val]    Pred range: [0.0598, 0.4056], std: 0.0559
  RMSE : 0.0930, R2: 0.1453, MAE: 0.0750, Spearman rho: 0.4609, Spearman p: 8.6184e-33, Pearson r: 0.4650, Pearson p: 2.0694e-33
  Epoch [10/23] Loss: 0.0057 | LR: 1.00e-04 | Train rho: 0.4681, Val rho: 0.4609 | Train R2: 0.2060, Val R2: 0.1453 | Train RMSE: 0.0902, Val RMSE: 0.0930 | Train Pearson r: 0.5110, Val Pearson r: 0.4650
  >> No improvement for 4/5 epochs

Epoch 11/23
Training on 2407 samples...
  [Train]  Pred range: [0.0405, 0.5550], std: 0.0603
  RMSE : 0.0890, R2: 0.2261, MAE: 0.0713, Spearman rho: 0.4729, Spearman p: 2.0882e-134, Pearson r: 0.5161, Pearson p: 0.0000e+00
  [Val]    Pred range: [0.0485, 0.4083], std: 0.0581
  RMSE : 0.0920, R2: 0.1630, MAE: 0.0738, Spearman rho: 0.4628, Spearman p: 4.4836e-33, Pearson r: 0.4662, Pearson p: 1.3278e-33
  Epoch [11/23] Loss: 0.0057 | LR: 4.33e-05 | Train rho: 0.4729, Val rho: 0.4628 | Train R2: 0.2261, Val R2: 0.1630 | Train RMSE: 0.0890, Val RMSE: 0.0920 | Train Pearson r: 0.5161, Val Pearson r: 0.4662
  >> No improvement for 5/5 epochs

  Early stopping at epoch 11. Best val RMSE: 0.0915 at epoch 6

  Restored best model from epoch 6 (val RMSE: 0.0915)
  [Final Val evaluation with best model]
  Pred range: [0.0522, 0.4129], std: 0.0545
  RMSE : 0.0915, R2: 0.1732, MAE: 0.0729, Spearman rho: 0.4401, Spearman p: 1.0054e-29, Pearson r: 0.4428, Pearson p: 4.1473e-30

Gate shapes:
  attn_fused: (1028, 275)
  attn_independent: (1028, 105)
  attn_final: (1028, 380)

--- Fused Attention Layer ---
Modality  High SCZ gate (mean)  High SCZ gate (std)  Low SCZ gate (mean)  Low SCZ gate (std)   Difference      p_value
   ACE18              0.510461         5.066676e-05             0.510439        4.162580e-05 2.264977e-05 4.733635e-08
     SES              0.504598         1.950078e-05             0.504588        1.537851e-05 9.715557e-06 2.541156e-09
   SCZ15              0.503093         1.055522e-05             0.503088        8.532161e-06 5.543232e-06 4.111839e-10
   ADHD9              0.500718         1.737522e-06             0.500717        1.309786e-06 8.940697e-07 4.774129e-10
     PRS              0.500745         1.723575e-06             0.500744        1.410036e-06 7.152557e-07 3.124757e-08
   SUD18              0.503472         2.395280e-06             0.503472        2.099181e-06 5.960464e-07 8.643864e-04
   ACE15              0.499695         1.354614e-06             0.499694        1.045685e-06 5.364418e-07 5.541711e-09
    ASD9              0.500700         7.331953e-07             0.500700        6.131656e-07 3.576279e-07 6.471511e-08
     SEX              0.502683         4.956433e-06             0.502682        4.252024e-06 2.980232e-07 6.669511e-02
Saved: 'Pos_attn_fused_gate_comparison_seed_42.png'

--- Independent Attention Layer ---
Modality  High SCZ gate (mean)  High SCZ gate (std)  Low SCZ gate (mean)  Low SCZ gate (std)  Difference      p_value
     SEX              0.512912             0.039429             0.485606            0.025880    0.027306 2.130554e-17
   SUD15              0.481561             0.012422             0.473533            0.008051    0.008028 1.994838e-16
   ACE15              0.493213             0.013459             0.489144            0.008265    0.004068 2.042950e-03
   ADHD9              0.521828             0.005801             0.519606            0.003955    0.002223 1.465791e-04
   SUD18              0.568533             0.018506             0.566881            0.010778    0.001653 2.126112e-01
batch*PC              0.509547             0.001703             0.509131            0.001320    0.000416 2.945711e-02
   SCZ15              0.489501             0.003071             0.490086            0.002336   -0.000586 6.505916e-02
     PRS              0.503740             0.003647             0.504934            0.002106   -0.001194 1.256481e-04
    ASD9              0.484975             0.004876             0.486779            0.003362   -0.001804 8.916770e-06
     SES              0.389580             0.017318             0.393701            0.011018   -0.004121 6.317497e-02
   ACE18              0.510414             0.010096             0.516063            0.007796   -0.005649 2.416380e-11
Saved: 'Pos_attn_independent_gate_comparison_seed_42.png'

--- Final Attention Layer ---
          Modality  High SCZ gate (mean)  High SCZ gate (std)  Low SCZ gate (mean)  Low SCZ gate (std)  Difference      p_value
      Fused stream              0.507186             0.001509             0.505728            0.001019    0.001458 2.410505e-32
Independent stream              0.489232             0.002198             0.489794            0.001268   -0.000562 2.506643e-03
Saved: 'Pos_attn_final_gate_comparison_seed_42.png'
Saved: 'Pos_gate_heatmap_seed_42.png'

All gate analysis results saved for Pos model.

============================================================
  Gate Analysis - Neg symptom model
============================================================
  Layers per modality: {'PRS': 2, 'SCZ15': 2, 'ADHD9': 2, 'ASD9': 2, 'ACE15': 2, 'ACE18': 2, 'SUD18': 2, 'SES': 2, 'SEX': 2}
Train: 2407 rows (1613 IDs),Test: 598 rows (404 IDs) 

n_features_x : 6, n_features_per_modality: [16, 23, 19, 17, 7, 4, 4, 4, 1, 4]

--- ImbalancedRegressionLoss initialized ---
  Bins: 10, Focal gamma: 2.6180173824310518, Base loss: huber
  Bin [0.00, 0.10): count=  585, weight=0.037
  Bin [0.10, 0.20): count=  580, weight=0.038
  Bin [0.20, 0.30): count=  421, weight=0.052
  Bin [0.30, 0.40): count=  385, weight=0.057
  Bin [0.40, 0.50): count=  191, weight=0.114
  Bin [0.50, 0.60): count=  129, weight=0.168
  Bin [0.60, 0.70): count=   74, weight=0.292
  Bin [0.70, 0.80): count=   33, weight=0.644
  Bin [0.80, 0.90): count=    6, weight=3.127
  Bin [0.90, 1.00): count=    3, weight=5.472
-------------------------------------------


Epoch 1/20
Training on 2407 samples...
  [Train]  Pred range: [0.1067, 0.7590], std: 0.0798
  RMSE : 0.1666, R2: 0.0960, MAE: 0.1372, Spearman rho: 0.4080, Spearman p: 3.3031e-97, Pearson r: 0.4167, Pearson p: 0.0000e+00
  [Val]    Pred range: [0.1042, 0.6327], std: 0.0801
  RMSE : 0.1708, R2: 0.0263, MAE: 0.1405, Spearman rho: 0.3963, Spearman p: 6.3846e-24, Pearson r: 0.3873, Pearson p: 7.7983e-23
  Epoch [1/20] Loss: 0.0231 | LR: 3.22e-04 | Train rho: 0.4080, Val rho: 0.3963 | Train R2: 0.0960, Val R2: 0.0263 | Train RMSE: 0.1666, Val RMSE: 0.1708 | Train Pearson r: 0.4167, Val Pearson r: 0.3873
  >> New best val RMSE: 0.1708

Epoch 2/20
Training on 2407 samples...
  [Train]  Pred range: [0.1104, 0.8073], std: 0.0883
  RMSE : 0.1686, R2: 0.0749, MAE: 0.1402, Spearman rho: 0.4569, Spearman p: 1.7976e-124, Pearson r: 0.4695, Pearson p: 0.0000e+00
  [Val]    Pred range: [0.1156, 0.6303], std: 0.0864
  RMSE : 0.1739, R2: -0.0099, MAE: 0.1455, Spearman rho: 0.4443, Spearman p: 2.5277e-30, Pearson r: 0.4391, Pearson p: 1.4204e-29
  Epoch [2/20] Loss: 0.0204 | LR: 3.22e-04 | Train rho: 0.4569, Val rho: 0.4443 | Train R2: 0.0749, Val R2: -0.0099 | Train RMSE: 0.1686, Val RMSE: 0.1739 | Train Pearson r: 0.4695, Val Pearson r: 0.4391
  >> No improvement for 1/7 epochs

Epoch 3/20
Training on 2407 samples...
  [Train]  Pred range: [0.1014, 0.7931], std: 0.0922
  RMSE : 0.1584, R2: 0.1830, MAE: 0.1290, Spearman rho: 0.4804, Spearman p: 3.1588e-139, Pearson r: 0.4969, Pearson p: 0.0000e+00
  [Val]    Pred range: [0.1015, 0.6318], std: 0.0890
  RMSE : 0.1627, R2: 0.1162, MAE: 0.1336, Spearman rho: 0.4668, Spearman p: 1.0968e-33, Pearson r: 0.4652, Pearson p: 1.9241e-33
  Epoch [3/20] Loss: 0.0202 | LR: 3.22e-04 | Train rho: 0.4804, Val rho: 0.4668 | Train R2: 0.1830, Val R2: 0.1162 | Train RMSE: 0.1584, Val RMSE: 0.1627 | Train Pearson r: 0.4969, Val Pearson r: 0.4652
  >> New best val RMSE: 0.1627

Epoch 4/20
Training on 2407 samples...
  [Train]  Pred range: [0.1093, 0.8002], std: 0.0935
  RMSE : 0.1570, R2: 0.1977, MAE: 0.1277, Spearman rho: 0.4917, Spearman p: 9.0783e-147, Pearson r: 0.5095, Pearson p: 0.0000e+00
  [Val]    Pred range: [0.1074, 0.6398], std: 0.0897
  RMSE : 0.1612, R2: 0.1321, MAE: 0.1324, Spearman rho: 0.4758, Spearman p: 4.1814e-35, Pearson r: 0.4784, Pearson p: 1.5504e-35
  Epoch [4/20] Loss: 0.0199 | LR: 3.22e-04 | Train rho: 0.4917, Val rho: 0.4758 | Train R2: 0.1977, Val R2: 0.1321 | Train RMSE: 0.1570, Val RMSE: 0.1612 | Train Pearson r: 0.5095, Val Pearson r: 0.4784
  >> New best val RMSE: 0.1612

Epoch 5/20
Training on 2407 samples...
  [Train]  Pred range: [0.1037, 0.7721], std: 0.0928
  RMSE : 0.1545, R2: 0.2227, MAE: 0.1250, Spearman rho: 0.4997, Spearman p: 3.1022e-152, Pearson r: 0.5181, Pearson p: 0.0000e+00
  [Val]    Pred range: [0.1032, 0.6210], std: 0.0882
  RMSE : 0.1582, R2: 0.1642, MAE: 0.1293, Spearman rho: 0.4795, Spearman p: 1.0435e-35, Pearson r: 0.4880, Pearson p: 4.1059e-37
  Epoch [5/20] Loss: 0.0193 | LR: 3.22e-04 | Train rho: 0.4997, Val rho: 0.4795 | Train R2: 0.2227, Val R2: 0.1642 | Train RMSE: 0.1545, Val RMSE: 0.1582 | Train Pearson r: 0.5181, Val Pearson r: 0.4880
  >> New best val RMSE: 0.1582

Epoch 6/20
Training on 2407 samples...
  [Train]  Pred range: [0.0819, 0.7416], std: 0.0911
  RMSE : 0.1513, R2: 0.2549, MAE: 0.1212, Spearman rho: 0.5068, Spearman p: 3.2481e-157, Pearson r: 0.5248, Pearson p: 0.0000e+00
  [Val]    Pred range: [0.0978, 0.5924], std: 0.0856
  RMSE : 0.1538, R2: 0.2100, MAE: 0.1242, Spearman rho: 0.4867, Spearman p: 6.9901e-37, Pearson r: 0.4993, Pearson p: 5.0398e-39
  Epoch [6/20] Loss: 0.0198 | LR: 3.22e-04 | Train rho: 0.5068, Val rho: 0.4867 | Train R2: 0.2549, Val R2: 0.2100 | Train RMSE: 0.1513, Val RMSE: 0.1538 | Train Pearson r: 0.5248, Val Pearson r: 0.4993
  >> New best val RMSE: 0.1538

Epoch 7/20
Training on 2407 samples...
  [Train]  Pred range: [0.0810, 0.7507], std: 0.0893
  RMSE : 0.1506, R2: 0.2615, MAE: 0.1206, Spearman rho: 0.5080, Spearman p: 4.1519e-158, Pearson r: 0.5285, Pearson p: 0.0000e+00
  [Val]    Pred range: [0.1026, 0.5934], std: 0.0847
  RMSE : 0.1536, R2: 0.2126, MAE: 0.1241, Spearman rho: 0.4833, Spearman p: 2.5479e-36, Pearson r: 0.4988, Pearson p: 6.1956e-39
  Epoch [7/20] Loss: 0.0198 | LR: 3.22e-04 | Train rho: 0.5080, Val rho: 0.4833 | Train R2: 0.2615, Val R2: 0.2126 | Train RMSE: 0.1506, Val RMSE: 0.1536 | Train Pearson r: 0.5285, Val Pearson r: 0.4988
  >> New best val RMSE: 0.1536

Epoch 8/20
Training on 2407 samples...
  [Train]  Pred range: [0.0723, 0.7693], std: 0.0935
  RMSE : 0.1504, R2: 0.2636, MAE: 0.1203, Spearman rho: 0.5098, Spearman p: 2.2704e-159, Pearson r: 0.5309, Pearson p: 0.0000e+00
  [Val]    Pred range: [0.1022, 0.6226], std: 0.0882
  RMSE : 0.1537, R2: 0.2110, MAE: 0.1241, Spearman rho: 0.4823, Spearman p: 3.6144e-36, Pearson r: 0.4978, Pearson p: 9.2108e-39
  Epoch [8/20] Loss: 0.0192 | LR: 3.22e-04 | Train rho: 0.5098, Val rho: 0.4823 | Train R2: 0.2636, Val R2: 0.2110 | Train RMSE: 0.1504, Val RMSE: 0.1537 | Train Pearson r: 0.5309, Val Pearson r: 0.4978
  >> No improvement for 1/7 epochs

Epoch 9/20
Training on 2407 samples...
  [Train]  Pred range: [0.0675, 0.7529], std: 0.0919
  RMSE : 0.1506, R2: 0.2618, MAE: 0.1209, Spearman rho: 0.5135, Spearman p: 4.4998e-162, Pearson r: 0.5331, Pearson p: 0.0000e+00
  [Val]    Pred range: [0.0923, 0.6095], std: 0.0863
  RMSE : 0.1543, R2: 0.2053, MAE: 0.1253, Spearman rho: 0.4825, Spearman p: 3.4462e-36, Pearson r: 0.4975, Pearson p: 1.0254e-38
  Epoch [9/20] Loss: 0.0192 | LR: 3.22e-04 | Train rho: 0.5135, Val rho: 0.4825 | Train R2: 0.2618, Val R2: 0.2053 | Train RMSE: 0.1506, Val RMSE: 0.1543 | Train Pearson r: 0.5331, Val Pearson r: 0.4975
  >> No improvement for 2/7 epochs

Epoch 10/20
Training on 2407 samples...
  [Train]  Pred range: [0.0651, 0.7737], std: 0.0948
  RMSE : 0.1529, R2: 0.2387, MAE: 0.1239, Spearman rho: 0.5142, Spearman p: 1.2736e-162, Pearson r: 0.5349, Pearson p: 0.0000e+00
  [Val]    Pred range: [0.0992, 0.6398], std: 0.0891
  RMSE : 0.1574, R2: 0.1733, MAE: 0.1293, Spearman rho: 0.4830, Spearman p: 2.8452e-36, Pearson r: 0.4985, Pearson p: 6.9576e-39
  Epoch [10/20] Loss: 0.0196 | LR: 1.77e-04 | Train rho: 0.5142, Val rho: 0.4830 | Train R2: 0.2387, Val R2: 0.1733 | Train RMSE: 0.1529, Val RMSE: 0.1574 | Train Pearson r: 0.5349, Val Pearson r: 0.4985
  >> No improvement for 3/7 epochs

Epoch 11/20
Training on 2407 samples...
  [Train]  Pred range: [0.0687, 0.7722], std: 0.0938
  RMSE : 0.1509, R2: 0.2583, MAE: 0.1216, Spearman rho: 0.5159, Spearman p: 7.5470e-164, Pearson r: 0.5373, Pearson p: 0.0000e+00
  [Val]    Pred range: [0.1006, 0.6161], std: 0.0882
  RMSE : 0.1549, R2: 0.1994, MAE: 0.1263, Spearman rho: 0.4863, Spearman p: 7.9608e-37, Pearson r: 0.5025, Pearson p: 1.4107e-39
  Epoch [11/20] Loss: 0.0193 | LR: 1.77e-04 | Train rho: 0.5159, Val rho: 0.4863 | Train R2: 0.2583, Val R2: 0.1994 | Train RMSE: 0.1509, Val RMSE: 0.1549 | Train Pearson r: 0.5373, Val Pearson r: 0.5025
  >> No improvement for 4/7 epochs

Epoch 12/20
Training on 2407 samples...
  [Train]  Pred range: [0.0622, 0.7762], std: 0.0961
  RMSE : 0.1492, R2: 0.2752, MAE: 0.1191, Spearman rho: 0.5179, Spearman p: 2.7070e-165, Pearson r: 0.5388, Pearson p: 0.0000e+00
  [Val]    Pred range: [0.0816, 0.6069], std: 0.0898
  RMSE : 0.1525, R2: 0.2237, MAE: 0.1230, Spearman rho: 0.4882, Spearman p: 3.8677e-37, Pearson r: 0.5049, Pearson p: 5.2250e-40
  Epoch [12/20] Loss: 0.0189 | LR: 1.77e-04 | Train rho: 0.5179, Val rho: 0.4882 | Train R2: 0.2752, Val R2: 0.2237 | Train RMSE: 0.1492, Val RMSE: 0.1525 | Train Pearson r: 0.5388, Val Pearson r: 0.5049
  >> New best val RMSE: 0.1525

Epoch 13/20
Training on 2407 samples...
  [Train]  Pred range: [0.0729, 0.8031], std: 0.0971
  RMSE : 0.1529, R2: 0.2391, MAE: 0.1240, Spearman rho: 0.5178, Spearman p: 3.3059e-165, Pearson r: 0.5390, Pearson p: 0.0000e+00
  [Val]    Pred range: [0.0968, 0.6337], std: 0.0912
  RMSE : 0.1571, R2: 0.1758, MAE: 0.1291, Spearman rho: 0.4876, Spearman p: 4.9058e-37, Pearson r: 0.5055, Pearson p: 4.2293e-40
  Epoch [13/20] Loss: 0.0190 | LR: 1.77e-04 | Train rho: 0.5178, Val rho: 0.4876 | Train R2: 0.2391, Val R2: 0.1758 | Train RMSE: 0.1529, Val RMSE: 0.1571 | Train Pearson r: 0.5390, Val Pearson r: 0.5055
  >> No improvement for 1/7 epochs

Epoch 14/20
Training on 2407 samples...
  [Train]  Pred range: [0.0665, 0.8123], std: 0.0987
  RMSE : 0.1513, R2: 0.2546, MAE: 0.1220, Spearman rho: 0.5183, Spearman p: 1.2054e-165, Pearson r: 0.5404, Pearson p: 0.0000e+00
  [Val]    Pred range: [0.0913, 0.6387], std: 0.0929
  RMSE : 0.1554, R2: 0.1942, MAE: 0.1267, Spearman rho: 0.4874, Spearman p: 5.3537e-37, Pearson r: 0.5061, Pearson p: 3.3050e-40
  Epoch [14/20] Loss: 0.0189 | LR: 1.77e-04 | Train rho: 0.5183, Val rho: 0.4874 | Train R2: 0.2546, Val R2: 0.1942 | Train RMSE: 0.1513, Val RMSE: 0.1554 | Train Pearson r: 0.5404, Val Pearson r: 0.5061
  >> No improvement for 2/7 epochs

Epoch 15/20
Training on 2407 samples...
  [Train]  Pred range: [0.0672, 0.8521], std: 0.1029
  RMSE : 0.1552, R2: 0.2159, MAE: 0.1262, Spearman rho: 0.5177, Spearman p: 3.4266e-165, Pearson r: 0.5403, Pearson p: 0.0000e+00
  [Val]    Pred range: [0.0999, 0.6897], std: 0.0970
  RMSE : 0.1600, R2: 0.1458, MAE: 0.1319, Spearman rho: 0.4862, Spearman p: 8.1942e-37, Pearson r: 0.5060, Pearson p: 3.4591e-40
  Epoch [15/20] Loss: 0.0187 | LR: 9.71e-05 | Train rho: 0.5177, Val rho: 0.4862 | Train R2: 0.2159, Val R2: 0.1458 | Train RMSE: 0.1552, Val RMSE: 0.1600 | Train Pearson r: 0.5403, Val Pearson r: 0.5060
  >> No improvement for 3/7 epochs

Epoch 16/20
Training on 2407 samples...
  [Train]  Pred range: [0.0492, 0.7802], std: 0.0971
  RMSE : 0.1486, R2: 0.2810, MAE: 0.1185, Spearman rho: 0.5194, Spearman p: 2.1541e-166, Pearson r: 0.5423, Pearson p: 0.0000e+00
  [Val]    Pred range: [0.0756, 0.6348], std: 0.0909
  RMSE : 0.1523, R2: 0.2261, MAE: 0.1227, Spearman rho: 0.4836, Spearman p: 2.2674e-36, Pearson r: 0.5043, Pearson p: 6.8637e-40
  Epoch [16/20] Loss: 0.0190 | LR: 9.71e-05 | Train rho: 0.5194, Val rho: 0.4836 | Train R2: 0.2810, Val R2: 0.2261 | Train RMSE: 0.1486, Val RMSE: 0.1523 | Train Pearson r: 0.5423, Val Pearson r: 0.5043
  >> New best val RMSE: 0.1523

Epoch 17/20
Training on 2407 samples...
  [Train]  Pred range: [0.0574, 0.8050], std: 0.0983
  RMSE : 0.1500, R2: 0.2674, MAE: 0.1205, Spearman rho: 0.5187, Spearman p: 6.2752e-166, Pearson r: 0.5423, Pearson p: 0.0000e+00
  [Val]    Pred range: [0.0862, 0.6479], std: 0.0921
  RMSE : 0.1541, R2: 0.2075, MAE: 0.1252, Spearman rho: 0.4845, Spearman p: 1.6203e-36, Pearson r: 0.5051, Pearson p: 4.9847e-40
  Epoch [17/20] Loss: 0.0189 | LR: 9.71e-05 | Train rho: 0.5187, Val rho: 0.4845 | Train R2: 0.2674, Val R2: 0.2075 | Train RMSE: 0.1500, Val RMSE: 0.1541 | Train Pearson r: 0.5423, Val Pearson r: 0.5051
  >> No improvement for 1/7 epochs

Epoch 18/20
Training on 2407 samples...
  [Train]  Pred range: [0.0623, 0.8359], std: 0.1006
  RMSE : 0.1524, R2: 0.2440, MAE: 0.1233, Spearman rho: 0.5189, Spearman p: 4.4104e-166, Pearson r: 0.5420, Pearson p: 0.0000e+00
  [Val]    Pred range: [0.0951, 0.6709], std: 0.0947
  RMSE : 0.1569, R2: 0.1785, MAE: 0.1286, Spearman rho: 0.4852, Spearman p: 1.2247e-36, Pearson r: 0.5059, Pearson p: 3.4788e-40
  Epoch [18/20] Loss: 0.0191 | LR: 9.71e-05 | Train rho: 0.5189, Val rho: 0.4852 | Train R2: 0.2440, Val R2: 0.1785 | Train RMSE: 0.1524, Val RMSE: 0.1569 | Train Pearson r: 0.5420, Val Pearson r: 0.5059
  >> No improvement for 2/7 epochs

Epoch 19/20
Training on 2407 samples...
  [Train]  Pred range: [0.0599, 0.8217], std: 0.0990
  RMSE : 0.1508, R2: 0.2595, MAE: 0.1215, Spearman rho: 0.5184, Spearman p: 1.0533e-165, Pearson r: 0.5427, Pearson p: 0.0000e+00
  [Val]    Pred range: [0.0883, 0.6560], std: 0.0932
  RMSE : 0.1552, R2: 0.1962, MAE: 0.1265, Spearman rho: 0.4852, Spearman p: 1.2326e-36, Pearson r: 0.5051, Pearson p: 4.9107e-40
  Epoch [19/20] Loss: 0.0188 | LR: 5.33e-05 | Train rho: 0.5184, Val rho: 0.4852 | Train R2: 0.2595, Val R2: 0.1962 | Train RMSE: 0.1508, Val RMSE: 0.1552 | Train Pearson r: 0.5427, Val Pearson r: 0.5051
  >> No improvement for 3/7 epochs

Epoch 20/20
Training on 2407 samples...
  [Train]  Pred range: [0.0594, 0.8276], std: 0.0997
  RMSE : 0.1515, R2: 0.2529, MAE: 0.1224, Spearman rho: 0.5189, Spearman p: 4.9673e-166, Pearson r: 0.5431, Pearson p: 0.0000e+00
  [Val]    Pred range: [0.0879, 0.6622], std: 0.0938
  RMSE : 0.1560, R2: 0.1876, MAE: 0.1276, Spearman rho: 0.4848, Spearman p: 1.4126e-36, Pearson r: 0.5053, Pearson p: 4.4734e-40
  Epoch [20/20] Loss: 0.0189 | LR: 5.33e-05 | Train rho: 0.5189, Val rho: 0.4848 | Train R2: 0.2529, Val R2: 0.1876 | Train RMSE: 0.1515, Val RMSE: 0.1560 | Train Pearson r: 0.5431, Val Pearson r: 0.5053
  >> No improvement for 4/7 epochs

  Restored best model from epoch 16 (val RMSE: 0.1523)
  [Final Val evaluation with best model]
  Pred range: [0.0756, 0.6348], std: 0.0909
  RMSE : 0.1523, R2: 0.2261, MAE: 0.1227, Spearman rho: 0.4836, Spearman p: 2.2674e-36, Pearson r: 0.5043, Pearson p: 6.8637e-40

Gate shapes:
  attn_fused: (1028, 190)
  attn_independent: (1028, 105)
  attn_final: (1028, 295)

--- Fused Attention Layer ---
Modality  High SCZ gate (mean)  High SCZ gate (std)  Low SCZ gate (mean)  Low SCZ gate (std)    Difference  p_value
    ASD9              0.500000         0.000000e+00             0.500000        5.960464e-08  5.960464e-08      1.0
     SEX              0.499940         2.980232e-08             0.499940        5.960464e-08  2.980232e-08      1.0
     PRS              0.500034         5.960464e-08             0.500034        5.960464e-08  0.000000e+00      1.0
   ADHD9              0.500009         5.960464e-08             0.500009        5.960464e-08  0.000000e+00      1.0
   SCZ15              0.500349         0.000000e+00             0.500349        0.000000e+00  0.000000e+00      1.0
   ACE15              0.500004         5.960464e-08             0.500004        5.960464e-08  0.000000e+00      1.0
   ACE18              0.501443         0.000000e+00             0.501443        0.000000e+00  0.000000e+00      1.0
   SUD18              0.500134         5.960464e-08             0.500134        0.000000e+00 -5.960464e-08      1.0
     SES              0.500152         0.000000e+00             0.500152        5.960464e-08 -5.960464e-08      1.0
Saved: 'Neg_attn_fused_gate_comparison_seed_42.png'

--- Independent Attention Layer ---
Modality  High SCZ gate (mean)  High SCZ gate (std)  Low SCZ gate (mean)  Low SCZ gate (std)  Difference      p_value
     SEX              0.565636             0.014708             0.559818            0.011542    0.005818 2.289564e-05
   ACE18              0.561020             0.009302             0.556385            0.006325    0.004635 5.026761e-08
   SCZ15              0.505651             0.004387             0.504238            0.003946    0.001413 8.979540e-04
    ASD9              0.510288             0.001736             0.509412            0.001068    0.000876 4.438852e-08
   ADHD9              0.505137             0.001512             0.504487            0.001030    0.000650 5.468432e-06
   SUD18              0.500900             0.009168             0.500369            0.006808    0.000532 9.432550e-01
batch*PC              0.502961             0.000545             0.502723            0.000337    0.000238 4.294624e-06
     PRS              0.503028             0.000466             0.502848            0.000273    0.000181 2.416899e-05
   SUD15              0.468947             0.009729             0.471077            0.006654   -0.002129 7.503574e-02
   ACE15              0.457642             0.009896             0.460436            0.006069   -0.002794 1.415859e-02
     SES              0.466761             0.010013             0.470372            0.006159   -0.003611 4.863380e-04
Saved: 'Neg_attn_independent_gate_comparison_seed_42.png'

--- Final Attention Layer ---
          Modality  High SCZ gate (mean)  High SCZ gate (std)  Low SCZ gate (mean)  Low SCZ gate (std)  Difference      p_value
Independent stream              0.502635             0.000662             0.502158            0.000621    0.000477 1.196638e-12
      Fused stream              0.500945             0.000118             0.500846            0.000088    0.000099 2.378798e-20
Saved: 'Neg_attn_final_gate_comparison_seed_42.png'
Saved: 'Neg_gate_heatmap_seed_42.png'

All gate analysis results saved for Neg model.
